{"/home/gabriel/Área de Trabalho/Driven Projects - Back/projeto19-drivenpass/src/app.ts": {"path":"/home/gabriel/Área de Trabalho/Driven Projects - Back/projeto19-drivenpass/src/app.ts","statementMap":{"0":{"start":{"line":1,"column":0},"end":{"line":1,"column":47}},"1":{"start":{"line":2,"column":0},"end":{"line":2,"column":24}},"2":{"start":{"line":3,"column":0},"end":{"line":3,"column":30}},"3":{"start":{"line":4,"column":0},"end":{"line":4,"column":28}},"4":{"start":{"line":6,"column":0},"end":{"line":6,"column":57}},"5":{"start":{"line":7,"column":0},"end":{"line":7,"column":39}},"6":{"start":{"line":8,"column":0},"end":{"line":8,"column":82}},"7":{"start":{"line":10,"column":0},"end":{"line":10,"column":16}},"8":{"start":{"line":13,"column":12},"end":{"line":13,"column":21}},"9":{"start":{"line":14,"column":0},"end":{"line":18,"column":null}},"10":{"start":{"line":21,"column":4},"end":{"line":21,"column":16}},"11":{"start":{"line":22,"column":4},"end":{"line":22,"column":32}},"12":{"start":{"line":20,"column":0},"end":{"line":20,"column":16}},"13":{"start":{"line":25,"column":4},"end":{"line":25,"column":19}},"14":{"start":{"line":26,"column":4},"end":{"line":26,"column":32}},"15":{"start":{"line":24,"column":0},"end":{"line":24,"column":16}},"16":{"start":{"line":31,"column":0},"end":{"line":31,"column":19}}},"fnMap":{"0":{"name":"init","decl":{"start":{"line":20,"column":16},"end":{"line":20,"column":20}},"loc":{"start":{"line":20,"column":20},"end":{"line":23,"column":1}}},"1":{"name":"close","decl":{"start":{"line":24,"column":16},"end":{"line":24,"column":21}},"loc":{"start":{"line":24,"column":21},"end":{"line":27,"column":1}}}},"branchMap":{},"s":{"0":3,"1":3,"2":3,"3":3,"4":3,"5":3,"6":3,"7":3,"8":3,"9":3,"10":3,"11":3,"12":3,"13":3,"14":3,"15":3,"16":3},"f":{"0":3,"1":3},"b":{}}
,"/home/gabriel/Área de Trabalho/Driven Projects - Back/projeto19-drivenpass/src/config/db.ts": {"path":"/home/gabriel/Área de Trabalho/Driven Projects - Back/projeto19-drivenpass/src/config/db.ts","statementMap":{"0":{"start":{"line":1,"column":0},"end":{"line":1,"column":46}},"1":{"start":{"line":6,"column":4},"end":{"line":6,"column":32}},"2":{"start":{"line":5,"column":0},"end":{"line":5,"column":16}},"3":{"start":{"line":10,"column":4},"end":{"line":10,"column":null}},"4":{"start":{"line":9,"column":0},"end":{"line":9,"column":22}}},"fnMap":{"0":{"name":"connectDb","decl":{"start":{"line":5,"column":16},"end":{"line":5,"column":25}},"loc":{"start":{"line":5,"column":25},"end":{"line":7,"column":1}}},"1":{"name":"disconnectDB","decl":{"start":{"line":9,"column":22},"end":{"line":9,"column":34}},"loc":{"start":{"line":9,"column":34},"end":{"line":11,"column":null}}}},"branchMap":{"0":{"loc":{"start":{"line":10,"column":10},"end":{"line":10,"column":31}},"type":"cond-expr","locations":[{"start":{"line":10,"column":16},"end":{"line":10,"column":18}},{"start":{"line":10,"column":10},"end":{"line":10,"column":31}}]},"1":{"loc":{"start":{"line":10,"column":10},"end":{"line":10,"column":18}},"type":"binary-expr","locations":[{"start":{"line":10,"column":10},"end":{"line":10,"column":18}},{"start":{"line":10,"column":10},"end":{"line":10,"column":18}}]}},"s":{"0":3,"1":3,"2":3,"3":3,"4":3},"f":{"0":3,"1":3},"b":{"0":[0,3],"1":[3,3]}}
,"/home/gabriel/Área de Trabalho/Driven Projects - Back/projeto19-drivenpass/src/controllers/authController.ts": {"path":"/home/gabriel/Área de Trabalho/Driven Projects - Back/projeto19-drivenpass/src/controllers/authController.ts","statementMap":{"0":{"start":{"line":2,"column":0},"end":{"line":2,"column":37}},"1":{"start":{"line":4,"column":0},"end":{"line":4,"column":61}},"2":{"start":{"line":8,"column":33},"end":{"line":8,"column":41}},"3":{"start":{"line":9,"column":19},"end":{"line":9,"column":50}},"4":{"start":{"line":11,"column":4},"end":{"line":11,"column":null}},"5":{"start":{"line":7,"column":0},"end":{"line":7,"column":22}}},"fnMap":{"0":{"name":"signIn","decl":{"start":{"line":7,"column":22},"end":{"line":7,"column":28}},"loc":{"start":{"line":7,"column":56},"end":{"line":12,"column":null}}}},"branchMap":{},"s":{"0":3,"1":3,"2":3,"3":3,"4":1,"5":3},"f":{"0":3},"b":{}}
,"/home/gabriel/Área de Trabalho/Driven Projects - Back/projeto19-drivenpass/src/controllers/credentialController.ts": {"path":"/home/gabriel/Área de Trabalho/Driven Projects - Back/projeto19-drivenpass/src/controllers/credentialController.ts","statementMap":{"0":{"start":{"line":3,"column":0},"end":{"line":3,"column":37}},"1":{"start":{"line":5,"column":0},"end":{"line":5,"column":73}},"2":{"start":{"line":10,"column":30},"end":{"line":10,"column":41}},"3":{"start":{"line":11,"column":26},"end":{"line":11,"column":62}},"4":{"start":{"line":12,"column":45},"end":{"line":12,"column":53}},"5":{"start":{"line":14,"column":29},"end":{"line":14,"column":89}},"6":{"start":{"line":16,"column":4},"end":{"line":16,"column":65}},"7":{"start":{"line":9,"column":0},"end":{"line":9,"column":22}},"8":{"start":{"line":21,"column":30},"end":{"line":21,"column":41}},"9":{"start":{"line":22,"column":26},"end":{"line":22,"column":62}},"10":{"start":{"line":23,"column":19},"end":{"line":23,"column":31}},"11":{"start":{"line":25,"column":4},"end":{"line":27,"column":null}},"12":{"start":{"line":20,"column":0},"end":{"line":20,"column":22}}},"fnMap":{"0":{"name":"createCredential","decl":{"start":{"line":9,"column":22},"end":{"line":9,"column":38}},"loc":{"start":{"line":9,"column":66},"end":{"line":17,"column":null}}},"1":{"name":"getCredential","decl":{"start":{"line":20,"column":22},"end":{"line":20,"column":35}},"loc":{"start":{"line":20,"column":63},"end":{"line":28,"column":null}}}},"branchMap":{"0":{"loc":{"start":{"line":11,"column":26},"end":{"line":11,"column":62}},"type":"cond-expr","locations":[{"start":{"line":11,"column":39},"end":{"line":11,"column":41}},{"start":{"line":11,"column":26},"end":{"line":11,"column":62}}]},"1":{"loc":{"start":{"line":11,"column":26},"end":{"line":11,"column":41}},"type":"binary-expr","locations":[{"start":{"line":11,"column":26},"end":{"line":11,"column":41}},{"start":{"line":11,"column":26},"end":{"line":11,"column":41}}]},"2":{"loc":{"start":{"line":22,"column":26},"end":{"line":22,"column":62}},"type":"cond-expr","locations":[{"start":{"line":22,"column":39},"end":{"line":22,"column":41}},{"start":{"line":22,"column":26},"end":{"line":22,"column":62}}]},"3":{"loc":{"start":{"line":22,"column":26},"end":{"line":22,"column":41}},"type":"binary-expr","locations":[{"start":{"line":22,"column":26},"end":{"line":22,"column":41}},{"start":{"line":22,"column":26},"end":{"line":22,"column":41}}]},"4":{"loc":{"start":{"line":25,"column":4},"end":{"line":27,"column":null}},"type":"if","locations":[{"start":{"line":25,"column":4},"end":{"line":27,"column":null}}]}},"s":{"0":3,"1":3,"2":0,"3":0,"4":0,"5":0,"6":0,"7":3,"8":0,"9":0,"10":0,"11":0,"12":3},"f":{"0":0,"1":0},"b":{"0":[0,0],"1":[0,0],"2":[0,0],"3":[0,0],"4":[0]}}
,"/home/gabriel/Área de Trabalho/Driven Projects - Back/projeto19-drivenpass/src/controllers/userController.ts": {"path":"/home/gabriel/Área de Trabalho/Driven Projects - Back/projeto19-drivenpass/src/controllers/userController.ts","statementMap":{"0":{"start":{"line":2,"column":0},"end":{"line":2,"column":37}},"1":{"start":{"line":5,"column":0},"end":{"line":5,"column":61}},"2":{"start":{"line":10,"column":33},"end":{"line":10,"column":41}},"3":{"start":{"line":11,"column":28},"end":{"line":11,"column":61}},"4":{"start":{"line":13,"column":4},"end":{"line":15,"column":null}},"5":{"start":{"line":14,"column":8},"end":{"line":14,"column":null}},"6":{"start":{"line":17,"column":4},"end":{"line":17,"column":null}},"7":{"start":{"line":19,"column":4},"end":{"line":19,"column":null}},"8":{"start":{"line":9,"column":0},"end":{"line":9,"column":22}}},"fnMap":{"0":{"name":"signUp","decl":{"start":{"line":9,"column":22},"end":{"line":9,"column":28}},"loc":{"start":{"line":9,"column":56},"end":{"line":20,"column":null}}}},"branchMap":{"0":{"loc":{"start":{"line":13,"column":4},"end":{"line":15,"column":null}},"type":"if","locations":[{"start":{"line":13,"column":4},"end":{"line":15,"column":null}}]}},"s":{"0":3,"1":3,"2":2,"3":2,"4":2,"5":1,"6":1,"7":1,"8":3},"f":{"0":2},"b":{"0":[1]}}
,"/home/gabriel/Área de Trabalho/Driven Projects - Back/projeto19-drivenpass/src/middlewares/authMiddlewares.ts": {"path":"/home/gabriel/Área de Trabalho/Driven Projects - Back/projeto19-drivenpass/src/middlewares/authMiddlewares.ts","statementMap":{"0":{"start":{"line":2,"column":0},"end":{"line":2,"column":37}},"1":{"start":{"line":3,"column":0},"end":{"line":3,"column":57}},"2":{"start":{"line":6,"column":17},"end":{"line":6,"column":25}},"3":{"start":{"line":7,"column":23},"end":{"line":7,"column":71}},"4":{"start":{"line":9,"column":4},"end":{"line":11,"column":null}},"5":{"start":{"line":10,"column":8},"end":{"line":10,"column":120}},"6":{"start":{"line":10,"column":103},"end":{"line":10,"column":117}},"7":{"start":{"line":12,"column":4},"end":{"line":12,"column":null}},"8":{"start":{"line":5,"column":0},"end":{"line":5,"column":22}}},"fnMap":{"0":{"name":"validationSignIn","decl":{"start":{"line":5,"column":22},"end":{"line":5,"column":38}},"loc":{"start":{"line":5,"column":86},"end":{"line":13,"column":null}}},"1":{"name":"(anonymous_10)","decl":{"start":{"line":10,"column":93},"end":{"line":10,"column":99}},"loc":{"start":{"line":10,"column":103},"end":{"line":10,"column":117}}}},"branchMap":{"0":{"loc":{"start":{"line":9,"column":4},"end":{"line":11,"column":null}},"type":"if","locations":[{"start":{"line":9,"column":4},"end":{"line":11,"column":null}}]}},"s":{"0":3,"1":3,"2":5,"3":5,"4":5,"5":2,"6":3,"7":3,"8":3},"f":{"0":5,"1":3},"b":{"0":[2]}}
,"/home/gabriel/Área de Trabalho/Driven Projects - Back/projeto19-drivenpass/src/middlewares/credentialMiddewares.ts": {"path":"/home/gabriel/Área de Trabalho/Driven Projects - Back/projeto19-drivenpass/src/middlewares/credentialMiddewares.ts","statementMap":{"0":{"start":{"line":2,"column":0},"end":{"line":2,"column":37}},"1":{"start":{"line":3,"column":0},"end":{"line":3,"column":66}},"2":{"start":{"line":6,"column":23},"end":{"line":6,"column":31}},"3":{"start":{"line":7,"column":23},"end":{"line":7,"column":81}},"4":{"start":{"line":9,"column":4},"end":{"line":11,"column":null}},"5":{"start":{"line":10,"column":8},"end":{"line":10,"column":null}},"6":{"start":{"line":10,"column":103},"end":{"line":10,"column":117}},"7":{"start":{"line":12,"column":4},"end":{"line":12,"column":null}},"8":{"start":{"line":5,"column":0},"end":{"line":5,"column":22}}},"fnMap":{"0":{"name":"validationCredential","decl":{"start":{"line":5,"column":22},"end":{"line":5,"column":42}},"loc":{"start":{"line":5,"column":90},"end":{"line":13,"column":null}}},"1":{"name":"(anonymous_10)","decl":{"start":{"line":10,"column":93},"end":{"line":10,"column":99}},"loc":{"start":{"line":10,"column":103},"end":{"line":10,"column":117}}}},"branchMap":{"0":{"loc":{"start":{"line":9,"column":4},"end":{"line":11,"column":null}},"type":"if","locations":[{"start":{"line":9,"column":4},"end":{"line":11,"column":null}}]}},"s":{"0":3,"1":3,"2":4,"3":4,"4":4,"5":4,"6":16,"7":0,"8":3},"f":{"0":4,"1":16},"b":{"0":[4]}}
,"/home/gabriel/Área de Trabalho/Driven Projects - Back/projeto19-drivenpass/src/middlewares/errorHandlerMiddlewares.ts": {"path":"/home/gabriel/Área de Trabalho/Driven Projects - Back/projeto19-drivenpass/src/middlewares/errorHandlerMiddlewares.ts","statementMap":{"0":{"start":{"line":2,"column":0},"end":{"line":2,"column":null}},"1":{"start":{"line":9,"column":4},"end":{"line":9,"column":null}},"2":{"start":{"line":10,"column":4},"end":{"line":12,"column":null}},"3":{"start":{"line":11,"column":8},"end":{"line":11,"column":null}},"4":{"start":{"line":13,"column":4},"end":{"line":13,"column":null}},"5":{"start":{"line":8,"column":0},"end":{"line":8,"column":16}}},"fnMap":{"0":{"name":"errorHandlerMiddleware","decl":{"start":{"line":8,"column":16},"end":{"line":8,"column":38}},"loc":{"start":{"line":8,"column":109},"end":{"line":14,"column":1}}}},"branchMap":{"0":{"loc":{"start":{"line":10,"column":4},"end":{"line":12,"column":null}},"type":"if","locations":[{"start":{"line":10,"column":4},"end":{"line":12,"column":null}}]}},"s":{"0":3,"1":3,"2":3,"3":3,"4":0,"5":3},"f":{"0":3},"b":{"0":[3]}}
,"/home/gabriel/Área de Trabalho/Driven Projects - Back/projeto19-drivenpass/src/middlewares/userMiddleware.ts": {"path":"/home/gabriel/Área de Trabalho/Driven Projects - Back/projeto19-drivenpass/src/middlewares/userMiddleware.ts","statementMap":{"0":{"start":{"line":2,"column":0},"end":{"line":2,"column":37}},"1":{"start":{"line":3,"column":0},"end":{"line":3,"column":57}},"2":{"start":{"line":6,"column":17},"end":{"line":6,"column":25}},"3":{"start":{"line":7,"column":23},"end":{"line":7,"column":71}},"4":{"start":{"line":9,"column":4},"end":{"line":11,"column":null}},"5":{"start":{"line":10,"column":8},"end":{"line":10,"column":120}},"6":{"start":{"line":10,"column":103},"end":{"line":10,"column":117}},"7":{"start":{"line":12,"column":4},"end":{"line":12,"column":null}},"8":{"start":{"line":5,"column":0},"end":{"line":5,"column":22}}},"fnMap":{"0":{"name":"validationSignUp","decl":{"start":{"line":5,"column":22},"end":{"line":5,"column":38}},"loc":{"start":{"line":5,"column":86},"end":{"line":13,"column":null}}},"1":{"name":"(anonymous_10)","decl":{"start":{"line":10,"column":93},"end":{"line":10,"column":99}},"loc":{"start":{"line":10,"column":103},"end":{"line":10,"column":117}}}},"branchMap":{"0":{"loc":{"start":{"line":9,"column":4},"end":{"line":11,"column":null}},"type":"if","locations":[{"start":{"line":9,"column":4},"end":{"line":11,"column":null}}]}},"s":{"0":3,"1":3,"2":4,"3":4,"4":4,"5":2,"6":3,"7":2,"8":3},"f":{"0":4,"1":3},"b":{"0":[2]}}
,"/home/gabriel/Área de Trabalho/Driven Projects - Back/projeto19-drivenpass/src/repositories/credentialRepository/index.ts": {"path":"/home/gabriel/Área de Trabalho/Driven Projects - Back/projeto19-drivenpass/src/repositories/credentialRepository/index.ts","statementMap":{"0":{"start":{"line":1,"column":0},"end":{"line":1,"column":44}},"1":{"start":{"line":5,"column":4},"end":{"line":10,"column":null}},"2":{"start":{"line":14,"column":4},"end":{"line":14,"column":null}},"3":{"start":{"line":15,"column":4},"end":{"line":23,"column":null}},"4":{"start":{"line":27,"column":29},"end":{"line":30,"column":null}},"5":{"start":{"line":33,"column":0},"end":{"line":33,"column":36}}},"fnMap":{"0":{"name":"findTitle","decl":{"start":{"line":4,"column":15},"end":{"line":4,"column":24}},"loc":{"start":{"line":4,"column":72},"end":{"line":11,"column":null}}},"1":{"name":"create","decl":{"start":{"line":13,"column":15},"end":{"line":13,"column":21}},"loc":{"start":{"line":13,"column":102},"end":{"line":24,"column":null}}}},"branchMap":{},"s":{"0":3,"1":0,"2":0,"3":0,"4":3,"5":3},"f":{"0":0,"1":0},"b":{}}
,"/home/gabriel/Área de Trabalho/Driven Projects - Back/projeto19-drivenpass/src/repositories/userRepository/index.ts": {"path":"/home/gabriel/Área de Trabalho/Driven Projects - Back/projeto19-drivenpass/src/repositories/userRepository/index.ts","statementMap":{"0":{"start":{"line":1,"column":0},"end":{"line":1,"column":44}},"1":{"start":{"line":6,"column":4},"end":{"line":10,"column":null}},"2":{"start":{"line":14,"column":4},"end":{"line":19,"column":null}},"3":{"start":{"line":22,"column":21},"end":{"line":25,"column":null}},"4":{"start":{"line":27,"column":0},"end":{"line":27,"column":28}}},"fnMap":{"0":{"name":"findUserByEmail","decl":{"start":{"line":5,"column":15},"end":{"line":5,"column":30}},"loc":{"start":{"line":5,"column":56},"end":{"line":11,"column":null}}},"1":{"name":"createUser","decl":{"start":{"line":13,"column":15},"end":{"line":13,"column":25}},"loc":{"start":{"line":13,"column":61},"end":{"line":20,"column":null}}}},"branchMap":{},"s":{"0":3,"1":5,"2":1,"3":3,"4":3},"f":{"0":5,"1":1},"b":{}}
,"/home/gabriel/Área de Trabalho/Driven Projects - Back/projeto19-drivenpass/src/routers/authRouters.ts": {"path":"/home/gabriel/Área de Trabalho/Driven Projects - Back/projeto19-drivenpass/src/routers/authRouters.ts","statementMap":{"0":{"start":{"line":1,"column":0},"end":{"line":1,"column":33}},"1":{"start":{"line":2,"column":0},"end":{"line":2,"column":58}},"2":{"start":{"line":3,"column":0},"end":{"line":3,"column":69}},"3":{"start":{"line":5,"column":20},"end":{"line":5,"column":28}},"4":{"start":{"line":6,"column":0},"end":{"line":7,"column":null}},"5":{"start":{"line":10,"column":0},"end":{"line":10,"column":27}}},"fnMap":{},"branchMap":{},"s":{"0":3,"1":3,"2":3,"3":3,"4":3,"5":3},"f":{},"b":{}}
,"/home/gabriel/Área de Trabalho/Driven Projects - Back/projeto19-drivenpass/src/routers/credentialsRouters.ts": {"path":"/home/gabriel/Área de Trabalho/Driven Projects - Back/projeto19-drivenpass/src/routers/credentialsRouters.ts","statementMap":{"0":{"start":{"line":1,"column":0},"end":{"line":1,"column":33}},"1":{"start":{"line":2,"column":0},"end":{"line":2,"column":74}},"2":{"start":{"line":3,"column":0},"end":{"line":3,"column":78}},"3":{"start":{"line":6,"column":26},"end":{"line":6,"column":34}},"4":{"start":{"line":7,"column":0},"end":{"line":8,"column":null}},"5":{"start":{"line":11,"column":0},"end":{"line":11,"column":33}}},"fnMap":{},"branchMap":{},"s":{"0":3,"1":3,"2":3,"3":3,"4":3,"5":3},"f":{},"b":{}}
,"/home/gabriel/Área de Trabalho/Driven Projects - Back/projeto19-drivenpass/src/routers/index.ts": {"path":"/home/gabriel/Área de Trabalho/Driven Projects - Back/projeto19-drivenpass/src/routers/index.ts","statementMap":{"0":{"start":{"line":1,"column":0},"end":{"line":1,"column":33}},"1":{"start":{"line":3,"column":0},"end":{"line":3,"column":43}},"2":{"start":{"line":4,"column":0},"end":{"line":4,"column":43}},"3":{"start":{"line":5,"column":0},"end":{"line":5,"column":56}},"4":{"start":{"line":7,"column":15},"end":{"line":10,"column":27}},"5":{"start":{"line":12,"column":0},"end":{"line":12,"column":22}}},"fnMap":{},"branchMap":{},"s":{"0":3,"1":3,"2":3,"3":3,"4":3,"5":3},"f":{},"b":{}}
,"/home/gabriel/Área de Trabalho/Driven Projects - Back/projeto19-drivenpass/src/routers/userRouters.ts": {"path":"/home/gabriel/Área de Trabalho/Driven Projects - Back/projeto19-drivenpass/src/routers/userRouters.ts","statementMap":{"0":{"start":{"line":1,"column":0},"end":{"line":1,"column":33}},"1":{"start":{"line":3,"column":0},"end":{"line":3,"column":58}},"2":{"start":{"line":4,"column":0},"end":{"line":4,"column":68}},"3":{"start":{"line":7,"column":20},"end":{"line":7,"column":28}},"4":{"start":{"line":8,"column":0},"end":{"line":9,"column":null}},"5":{"start":{"line":11,"column":0},"end":{"line":11,"column":27}}},"fnMap":{},"branchMap":{},"s":{"0":3,"1":3,"2":3,"3":3,"4":3,"5":3},"f":{},"b":{}}
,"/home/gabriel/Área de Trabalho/Driven Projects - Back/projeto19-drivenpass/src/schemas/authSchemas.ts": {"path":"/home/gabriel/Área de Trabalho/Driven Projects - Back/projeto19-drivenpass/src/schemas/authSchemas.ts","statementMap":{"0":{"start":{"line":1,"column":0},"end":{"line":1,"column":22}},"1":{"start":{"line":3,"column":13},"end":{"line":6,"column":null}}},"fnMap":{},"branchMap":{},"s":{"0":3,"1":3},"f":{},"b":{}}
,"/home/gabriel/Área de Trabalho/Driven Projects - Back/projeto19-drivenpass/src/schemas/credentialSchema.ts": {"path":"/home/gabriel/Área de Trabalho/Driven Projects - Back/projeto19-drivenpass/src/schemas/credentialSchema.ts","statementMap":{"0":{"start":{"line":1,"column":0},"end":{"line":1,"column":22}},"1":{"start":{"line":3,"column":13},"end":{"line":8,"column":null}}},"fnMap":{},"branchMap":{},"s":{"0":3,"1":3},"f":{},"b":{}}
,"/home/gabriel/Área de Trabalho/Driven Projects - Back/projeto19-drivenpass/src/schemas/userSchemas.ts": {"path":"/home/gabriel/Área de Trabalho/Driven Projects - Back/projeto19-drivenpass/src/schemas/userSchemas.ts","statementMap":{"0":{"start":{"line":1,"column":0},"end":{"line":1,"column":22}},"1":{"start":{"line":3,"column":13},"end":{"line":6,"column":null}},"2":{"start":{"line":8,"column":0},"end":{"line":8,"column":null}}},"fnMap":{},"branchMap":{},"s":{"0":3,"1":3,"2":3},"f":{},"b":{}}
,"/home/gabriel/Área de Trabalho/Driven Projects - Back/projeto19-drivenpass/src/services/authServices/index.ts": {"path":"/home/gabriel/Área de Trabalho/Driven Projects - Back/projeto19-drivenpass/src/services/authServices/index.ts","statementMap":{"0":{"start":{"line":1,"column":0},"end":{"line":1,"column":28}},"1":{"start":{"line":2,"column":0},"end":{"line":2,"column":37}},"2":{"start":{"line":3,"column":0},"end":{"line":3,"column":31}},"3":{"start":{"line":6,"column":0},"end":{"line":6,"column":70}},"4":{"start":{"line":10,"column":21},"end":{"line":10,"column":61}},"5":{"start":{"line":11,"column":4},"end":{"line":13,"column":null}},"6":{"start":{"line":12,"column":8},"end":{"line":12,"column":null}},"7":{"start":{"line":15,"column":17},"end":{"line":15,"column":69}},"8":{"start":{"line":16,"column":4},"end":{"line":18,"column":null}},"9":{"start":{"line":17,"column":8},"end":{"line":17,"column":null}},"10":{"start":{"line":20,"column":18},"end":{"line":20,"column":73}},"11":{"start":{"line":21,"column":4},"end":{"line":21,"column":17}},"12":{"start":{"line":25,"column":21},"end":{"line":27,"column":2}},"13":{"start":{"line":29,"column":0},"end":{"line":29,"column":28}}},"fnMap":{"0":{"name":"signIn","decl":{"start":{"line":9,"column":15},"end":{"line":9,"column":21}},"loc":{"start":{"line":9,"column":42},"end":{"line":22,"column":null}}}},"branchMap":{"0":{"loc":{"start":{"line":11,"column":4},"end":{"line":13,"column":null}},"type":"if","locations":[{"start":{"line":11,"column":4},"end":{"line":13,"column":null}}]},"1":{"loc":{"start":{"line":16,"column":4},"end":{"line":18,"column":null}},"type":"if","locations":[{"start":{"line":16,"column":4},"end":{"line":18,"column":null}}]}},"s":{"0":3,"1":3,"2":3,"3":3,"4":3,"5":3,"6":1,"7":2,"8":2,"9":1,"10":1,"11":1,"12":3,"13":3},"f":{"0":3},"b":{"0":[1],"1":[1]}}
,"/home/gabriel/Área de Trabalho/Driven Projects - Back/projeto19-drivenpass/src/services/credentialServices/index.ts": {"path":"/home/gabriel/Área de Trabalho/Driven Projects - Back/projeto19-drivenpass/src/services/credentialServices/index.ts","statementMap":{"0":{"start":{"line":1,"column":0},"end":{"line":1,"column":37}},"1":{"start":{"line":2,"column":0},"end":{"line":2,"column":28}},"2":{"start":{"line":3,"column":15},"end":{"line":3,"column":54}},"3":{"start":{"line":5,"column":0},"end":{"line":5,"column":55}},"4":{"start":{"line":7,"column":0},"end":{"line":7,"column":84}},"5":{"start":{"line":10,"column":26},"end":{"line":10,"column":50}},"6":{"start":{"line":12,"column":18},"end":{"line":12,"column":94}},"7":{"start":{"line":13,"column":4},"end":{"line":15,"column":null}},"8":{"start":{"line":14,"column":8},"end":{"line":14,"column":null}},"9":{"start":{"line":17,"column":20},"end":{"line":17,"column":61}},"10":{"start":{"line":19,"column":19},"end":{"line":19,"column":102}},"11":{"start":{"line":21,"column":4},"end":{"line":21,"column":18}},"12":{"start":{"line":26,"column":27},"end":{"line":28,"column":null}},"13":{"start":{"line":30,"column":0},"end":{"line":30,"column":34}}},"fnMap":{"0":{"name":"createCredential","decl":{"start":{"line":9,"column":15},"end":{"line":9,"column":31}},"loc":{"start":{"line":9,"column":85},"end":{"line":23,"column":null}}}},"branchMap":{"0":{"loc":{"start":{"line":13,"column":4},"end":{"line":15,"column":null}},"type":"if","locations":[{"start":{"line":13,"column":4},"end":{"line":15,"column":null}}]}},"s":{"0":3,"1":3,"2":3,"3":3,"4":3,"5":0,"6":0,"7":0,"8":0,"9":0,"10":0,"11":0,"12":3,"13":3},"f":{"0":0},"b":{"0":[0]}}
,"/home/gabriel/Área de Trabalho/Driven Projects - Back/projeto19-drivenpass/src/services/userServices/index.ts": {"path":"/home/gabriel/Área de Trabalho/Driven Projects - Back/projeto19-drivenpass/src/services/userServices/index.ts","statementMap":{"0":{"start":{"line":1,"column":0},"end":{"line":1,"column":28}},"1":{"start":{"line":4,"column":0},"end":{"line":4,"column":70}},"2":{"start":{"line":7,"column":28},"end":{"line":7,"column":68}},"3":{"start":{"line":9,"column":4},"end":{"line":9,"column":27}},"4":{"start":{"line":13,"column":17},"end":{"line":13,"column":41}},"5":{"start":{"line":14,"column":26},"end":{"line":14,"column":62}},"6":{"start":{"line":16,"column":23},"end":{"line":16,"column":89}},"7":{"start":{"line":17,"column":4},"end":{"line":17,"column":null}},"8":{"start":{"line":20,"column":21},"end":{"line":23,"column":null}},"9":{"start":{"line":25,"column":0},"end":{"line":25,"column":28}}},"fnMap":{"0":{"name":"findUser","decl":{"start":{"line":6,"column":15},"end":{"line":6,"column":23}},"loc":{"start":{"line":6,"column":44},"end":{"line":10,"column":null}}},"1":{"name":"createUser","decl":{"start":{"line":12,"column":15},"end":{"line":12,"column":25}},"loc":{"start":{"line":12,"column":46},"end":{"line":18,"column":null}}}},"branchMap":{},"s":{"0":3,"1":3,"2":2,"3":2,"4":1,"5":1,"6":1,"7":1,"8":3,"9":3},"f":{"0":2,"1":1},"b":{}}
,"/home/gabriel/Área de Trabalho/Driven Projects - Back/projeto19-drivenpass/src/utils/authUtils.ts": {"path":"/home/gabriel/Área de Trabalho/Driven Projects - Back/projeto19-drivenpass/src/utils/authUtils.ts","statementMap":{"0":{"start":{"line":1,"column":0},"end":{"line":1,"column":37}},"1":{"start":{"line":2,"column":0},"end":{"line":2,"column":31}},"2":{"start":{"line":9,"column":23},"end":{"line":9,"column":45}},"3":{"start":{"line":10,"column":4},"end":{"line":14,"column":null}},"4":{"start":{"line":11,"column":8},"end":{"line":13,"column":null}},"5":{"start":{"line":12,"column":12},"end":{"line":12,"column":null}},"6":{"start":{"line":15,"column":4},"end":{"line":15,"column":null}},"7":{"start":{"line":8,"column":0},"end":{"line":8,"column":22}}},"fnMap":{"0":{"name":"verifyToken","decl":{"start":{"line":8,"column":22},"end":{"line":8,"column":33}},"loc":{"start":{"line":8,"column":47},"end":{"line":16,"column":null}}},"1":{"name":"(anonymous_10)","decl":{"start":{"line":10,"column":34},"end":{"line":10,"column":35}},"loc":{"start":{"line":10,"column":44},"end":{"line":14,"column":5}}}},"branchMap":{"0":{"loc":{"start":{"line":11,"column":8},"end":{"line":13,"column":null}},"type":"if","locations":[{"start":{"line":11,"column":8},"end":{"line":13,"column":null}}]}},"s":{"0":3,"1":3,"2":0,"3":0,"4":0,"5":0,"6":0,"7":3},"f":{"0":0,"1":0},"b":{"0":[0]}}
,"/home/gabriel/Área de Trabalho/Driven Projects - Back/projeto19-drivenpass/src/utils/errorUtils.ts": {"path":"/home/gabriel/Área de Trabalho/Driven Projects - Back/projeto19-drivenpass/src/utils/errorUtils.ts","statementMap":{"0":{"start":{"line":8,"column":4},"end":{"line":8,"column":null}},"1":{"start":{"line":7,"column":0},"end":{"line":7,"column":16}},"2":{"start":{"line":12,"column":4},"end":{"line":12,"column":39}},"3":{"start":{"line":12,"column":28},"end":{"line":12,"column":39}},"4":{"start":{"line":13,"column":4},"end":{"line":13,"column":40}},"5":{"start":{"line":13,"column":29},"end":{"line":13,"column":40}},"6":{"start":{"line":14,"column":4},"end":{"line":14,"column":43}},"7":{"start":{"line":14,"column":32},"end":{"line":14,"column":43}},"8":{"start":{"line":15,"column":4},"end":{"line":15,"column":43}},"9":{"start":{"line":15,"column":32},"end":{"line":15,"column":43}},"10":{"start":{"line":16,"column":4},"end":{"line":16,"column":32}},"11":{"start":{"line":16,"column":21},"end":{"line":16,"column":32}},"12":{"start":{"line":17,"column":4},"end":{"line":17,"column":32}},"13":{"start":{"line":17,"column":21},"end":{"line":17,"column":32}},"14":{"start":{"line":18,"column":4},"end":{"line":18,"column":32}},"15":{"start":{"line":18,"column":21},"end":{"line":18,"column":32}},"16":{"start":{"line":19,"column":4},"end":{"line":19,"column":32}},"17":{"start":{"line":19,"column":21},"end":{"line":19,"column":32}},"18":{"start":{"line":20,"column":4},"end":{"line":20,"column":15}},"19":{"start":{"line":11,"column":0},"end":{"line":11,"column":16}},"20":{"start":{"line":24,"column":4},"end":{"line":24,"column":null}},"21":{"start":{"line":23,"column":0},"end":{"line":23,"column":16}},"22":{"start":{"line":28,"column":4},"end":{"line":28,"column":null}},"23":{"start":{"line":27,"column":0},"end":{"line":27,"column":16}},"24":{"start":{"line":32,"column":4},"end":{"line":32,"column":null}},"25":{"start":{"line":31,"column":0},"end":{"line":31,"column":16}},"26":{"start":{"line":36,"column":4},"end":{"line":36,"column":null}},"27":{"start":{"line":35,"column":0},"end":{"line":35,"column":16}}},"fnMap":{"0":{"name":"isAppError","decl":{"start":{"line":7,"column":16},"end":{"line":7,"column":26}},"loc":{"start":{"line":7,"column":40},"end":{"line":9,"column":1}}},"1":{"name":"errorTypeToStatusCode","decl":{"start":{"line":11,"column":16},"end":{"line":11,"column":37}},"loc":{"start":{"line":11,"column":57},"end":{"line":21,"column":1}}},"2":{"name":"conflictError","decl":{"start":{"line":23,"column":16},"end":{"line":23,"column":29}},"loc":{"start":{"line":23,"column":46},"end":{"line":25,"column":1}}},"3":{"name":"notFoundError","decl":{"start":{"line":27,"column":16},"end":{"line":27,"column":29}},"loc":{"start":{"line":27,"column":46},"end":{"line":29,"column":1}}},"4":{"name":"unauthorizedError","decl":{"start":{"line":31,"column":16},"end":{"line":31,"column":33}},"loc":{"start":{"line":31,"column":50},"end":{"line":33,"column":1}}},"5":{"name":"wrongSchemaError","decl":{"start":{"line":35,"column":16},"end":{"line":35,"column":32}},"loc":{"start":{"line":35,"column":49},"end":{"line":37,"column":1}}}},"branchMap":{"0":{"loc":{"start":{"line":12,"column":4},"end":{"line":12,"column":39}},"type":"if","locations":[{"start":{"line":12,"column":4},"end":{"line":12,"column":39}}]},"1":{"loc":{"start":{"line":13,"column":4},"end":{"line":13,"column":40}},"type":"if","locations":[{"start":{"line":13,"column":4},"end":{"line":13,"column":40}}]},"2":{"loc":{"start":{"line":14,"column":4},"end":{"line":14,"column":43}},"type":"if","locations":[{"start":{"line":14,"column":4},"end":{"line":14,"column":43}}]},"3":{"loc":{"start":{"line":15,"column":4},"end":{"line":15,"column":43}},"type":"if","locations":[{"start":{"line":15,"column":4},"end":{"line":15,"column":43}}]},"4":{"loc":{"start":{"line":16,"column":4},"end":{"line":16,"column":32}},"type":"if","locations":[{"start":{"line":16,"column":4},"end":{"line":16,"column":32}}]},"5":{"loc":{"start":{"line":17,"column":4},"end":{"line":17,"column":32}},"type":"if","locations":[{"start":{"line":17,"column":4},"end":{"line":17,"column":32}}]},"6":{"loc":{"start":{"line":18,"column":4},"end":{"line":18,"column":32}},"type":"if","locations":[{"start":{"line":18,"column":4},"end":{"line":18,"column":32}}]},"7":{"loc":{"start":{"line":19,"column":4},"end":{"line":19,"column":32}},"type":"if","locations":[{"start":{"line":19,"column":4},"end":{"line":19,"column":32}}]},"8":{"loc":{"start":{"line":24,"column":39},"end":{"line":24,"column":51}},"type":"cond-expr","locations":[{"start":{"line":24,"column":39},"end":{"line":24,"column":46}},{"start":{"line":24,"column":49},"end":{"line":24,"column":51}}]},"9":{"loc":{"start":{"line":24,"column":39},"end":{"line":24,"column":49}},"type":"binary-expr","locations":[{"start":{"line":24,"column":39},"end":{"line":24,"column":49}},{"start":{"line":24,"column":39},"end":{"line":24,"column":49}}]},"10":{"loc":{"start":{"line":28,"column":40},"end":{"line":28,"column":52}},"type":"cond-expr","locations":[{"start":{"line":28,"column":40},"end":{"line":28,"column":47}},{"start":{"line":28,"column":50},"end":{"line":28,"column":52}}]},"11":{"loc":{"start":{"line":28,"column":40},"end":{"line":28,"column":50}},"type":"binary-expr","locations":[{"start":{"line":28,"column":40},"end":{"line":28,"column":50}},{"start":{"line":28,"column":40},"end":{"line":28,"column":50}}]},"12":{"loc":{"start":{"line":32,"column":43},"end":{"line":32,"column":55}},"type":"cond-expr","locations":[{"start":{"line":32,"column":43},"end":{"line":32,"column":50}},{"start":{"line":32,"column":53},"end":{"line":32,"column":55}}]},"13":{"loc":{"start":{"line":32,"column":43},"end":{"line":32,"column":53}},"type":"binary-expr","locations":[{"start":{"line":32,"column":43},"end":{"line":32,"column":53}},{"start":{"line":32,"column":43},"end":{"line":32,"column":53}}]},"14":{"loc":{"start":{"line":36,"column":43},"end":{"line":36,"column":55}},"type":"cond-expr","locations":[{"start":{"line":36,"column":43},"end":{"line":36,"column":50}},{"start":{"line":36,"column":53},"end":{"line":36,"column":55}}]},"15":{"loc":{"start":{"line":36,"column":43},"end":{"line":36,"column":53}},"type":"binary-expr","locations":[{"start":{"line":36,"column":43},"end":{"line":36,"column":53}},{"start":{"line":36,"column":43},"end":{"line":36,"column":53}}]}},"s":{"0":3,"1":3,"2":3,"3":0,"4":3,"5":0,"6":3,"7":0,"8":3,"9":0,"10":3,"11":1,"12":2,"13":0,"14":2,"15":2,"16":0,"17":0,"18":0,"19":3,"20":0,"21":3,"22":0,"23":3,"24":0,"25":3,"26":0,"27":3},"f":{"0":3,"1":3,"2":0,"3":0,"4":0,"5":0},"b":{"0":[0],"1":[0],"2":[0],"3":[0],"4":[1],"5":[0],"6":[2],"7":[0],"8":[0,0],"9":[0,0],"10":[0,0],"11":[0,0],"12":[0,0],"13":[0,0],"14":[0,0],"15":[0,0]}}
,"/home/gabriel/Área de Trabalho/Driven Projects - Back/projeto19-drivenpass/tests/helphers.ts": {"path":"/home/gabriel/Área de Trabalho/Driven Projects - Back/projeto19-drivenpass/tests/helphers.ts","statementMap":{"0":{"start":{"line":1,"column":0},"end":{"line":1,"column":36}},"1":{"start":{"line":4,"column":0},"end":{"line":4,"column":56}},"2":{"start":{"line":5,"column":0},"end":{"line":5,"column":45}},"3":{"start":{"line":8,"column":4},"end":{"line":8,"column":38}},"4":{"start":{"line":7,"column":0},"end":{"line":7,"column":22}},"5":{"start":{"line":12,"column":25},"end":{"line":12,"column":53}},"6":{"start":{"line":13,"column":18},"end":{"line":13,"column":79}},"7":{"start":{"line":15,"column":4},"end":{"line":15,"column":17}},"8":{"start":{"line":11,"column":0},"end":{"line":11,"column":22}}},"fnMap":{"0":{"name":"cleanDb","decl":{"start":{"line":7,"column":22},"end":{"line":7,"column":29}},"loc":{"start":{"line":7,"column":29},"end":{"line":9,"column":null}}},"1":{"name":"generateValidToken","decl":{"start":{"line":11,"column":22},"end":{"line":11,"column":40}},"loc":{"start":{"line":11,"column":53},"end":{"line":16,"column":null}}}},"branchMap":{"0":{"loc":{"start":{"line":12,"column":25},"end":{"line":12,"column":53}},"type":"binary-expr","locations":[{"start":{"line":12,"column":25},"end":{"line":12,"column":29}},{"start":{"line":12,"column":34},"end":{"line":12,"column":52}}]}},"s":{"0":1,"1":1,"2":1,"3":0,"4":1,"5":3,"6":3,"7":3,"8":1},"f":{"0":0,"1":3},"b":{"0":[3,3]}}
,"/home/gabriel/Área de Trabalho/Driven Projects - Back/projeto19-drivenpass/tests/factories/authFactory.ts": {"path":"/home/gabriel/Área de Trabalho/Driven Projects - Back/projeto19-drivenpass/tests/factories/authFactory.ts","statementMap":{"0":{"start":{"line":1,"column":0},"end":{"line":1,"column":31}},"1":{"start":{"line":8,"column":19},"end":{"line":8,"column":55}},"2":{"start":{"line":10,"column":4},"end":{"line":10,"column":18}},"3":{"start":{"line":7,"column":0},"end":{"line":7,"column":22}}},"fnMap":{"0":{"name":"decodingToken","decl":{"start":{"line":7,"column":22},"end":{"line":7,"column":35}},"loc":{"start":{"line":7,"column":49},"end":{"line":11,"column":null}}}},"branchMap":{},"s":{"0":1,"1":1,"2":1,"3":1},"f":{"0":1},"b":{}}
,"/home/gabriel/Área de Trabalho/Driven Projects - Back/projeto19-drivenpass/tests/factories/credentialFactory.ts": {"path":"/home/gabriel/Área de Trabalho/Driven Projects - Back/projeto19-drivenpass/tests/factories/credentialFactory.ts","statementMap":{"0":{"start":{"line":1,"column":0},"end":{"line":1,"column":40}},"1":{"start":{"line":2,"column":0},"end":{"line":2,"column":48}},"2":{"start":{"line":3,"column":0},"end":{"line":3,"column":49}},"3":{"start":{"line":7,"column":23},"end":{"line":7,"column":49}},"4":{"start":{"line":8,"column":4},"end":{"line":17,"column":null}},"5":{"start":{"line":6,"column":0},"end":{"line":6,"column":22}}},"fnMap":{"0":{"name":"createCredential","decl":{"start":{"line":6,"column":22},"end":{"line":6,"column":38}},"loc":{"start":{"line":6,"column":67},"end":{"line":18,"column":null}}}},"branchMap":{},"s":{"0":1,"1":1,"2":1,"3":1,"4":1,"5":1},"f":{"0":1},"b":{}}
,"/home/gabriel/Área de Trabalho/Driven Projects - Back/projeto19-drivenpass/tests/factories/userFactory.ts": {"path":"/home/gabriel/Área de Trabalho/Driven Projects - Back/projeto19-drivenpass/tests/factories/userFactory.ts","statementMap":{"0":{"start":{"line":1,"column":0},"end":{"line":1,"column":28}},"1":{"start":{"line":2,"column":0},"end":{"line":2,"column":40}},"2":{"start":{"line":4,"column":0},"end":{"line":4,"column":48}},"3":{"start":{"line":7,"column":29},"end":{"line":7,"column":75}},"4":{"start":{"line":8,"column":27},"end":{"line":8,"column":66}},"5":{"start":{"line":10,"column":4},"end":{"line":15,"column":7}},"6":{"start":{"line":6,"column":0},"end":{"line":6,"column":22}}},"fnMap":{"0":{"name":"createUser","decl":{"start":{"line":6,"column":22},"end":{"line":6,"column":32}},"loc":{"start":{"line":6,"column":60},"end":{"line":16,"column":null}}}},"branchMap":{"0":{"loc":{"start":{"line":6,"column":33},"end":{"line":6,"column":60}},"type":"default-arg","locations":[{"start":{"line":6,"column":58},"end":{"line":6,"column":60}}]},"1":{"loc":{"start":{"line":7,"column":29},"end":{"line":7,"column":75}},"type":"binary-expr","locations":[{"start":{"line":7,"column":29},"end":{"line":7,"column":44}},{"start":{"line":7,"column":48},"end":{"line":7,"column":75}}]},"2":{"loc":{"start":{"line":12,"column":18},"end":{"line":12,"column":56}},"type":"binary-expr","locations":[{"start":{"line":12,"column":18},"end":{"line":12,"column":30}},{"start":{"line":12,"column":34},"end":{"line":12,"column":56}}]}},"s":{"0":3,"1":3,"2":3,"3":6,"4":6,"5":6,"6":3},"f":{"0":6},"b":{"0":[4],"1":[6,4],"2":[6,4]}}
}
