TN:
SF:src/app.ts
FN:20,init
FN:24,close
FNF:2
FNH:2
FNDA:4,init
FNDA:4,close
DA:1,4
DA:2,4
DA:3,4
DA:4,4
DA:6,4
DA:7,4
DA:8,4
DA:10,4
DA:13,4
DA:14,4
DA:20,4
DA:21,4
DA:22,4
DA:24,4
DA:25,4
DA:26,4
DA:31,4
LF:17
LH:17
BRF:0
BRH:0
end_of_record
TN:
SF:src/config/db.ts
FN:5,connectDb
FN:9,disconnectDB
FNF:2
FNH:2
FNDA:4,connectDb
FNDA:4,disconnectDB
DA:1,4
DA:4,4
DA:5,4
DA:6,4
DA:9,4
DA:10,4
LF:6
LH:6
BRDA:10,0,0,0
BRDA:10,0,1,4
BRDA:10,1,0,4
BRDA:10,1,1,4
BRF:4
BRH:3
end_of_record
TN:
SF:src/controllers/authController.ts
FN:7,signIn
FNF:1
FNH:1
FNDA:3,signIn
DA:2,4
DA:4,4
DA:7,4
DA:8,3
DA:9,3
DA:11,1
LF:6
LH:6
BRF:0
BRH:0
end_of_record
TN:
SF:src/controllers/credentialController.ts
FN:9,createCredential
FN:20,getCredential
FN:37,deleteCredential
FNF:3
FNH:3
FNDA:4,createCredential
FNDA:6,getCredential
FNDA:6,deleteCredential
DA:3,4
DA:5,4
DA:9,4
DA:10,4
DA:11,4
DA:12,4
DA:14,4
DA:16,1
DA:20,4
DA:21,6
DA:22,6
DA:23,6
DA:25,6
DA:26,3
DA:28,1
DA:31,3
DA:33,1
DA:37,4
DA:38,6
DA:39,6
DA:40,6
DA:42,6
DA:43,1
DA:46,5
DA:48,1
LF:25
LH:25
BRDA:11,0,0,1
BRDA:11,0,1,3
BRDA:11,1,0,4
BRDA:11,1,1,4
BRDA:22,2,0,1
BRDA:22,2,1,5
BRDA:22,3,0,6
BRDA:22,3,1,6
BRDA:25,4,0,3
BRDA:25,5,0,6
BRDA:25,5,1,3
BRDA:25,5,2,3
BRDA:39,6,0,1
BRDA:39,6,1,5
BRDA:39,7,0,6
BRDA:39,7,1,6
BRDA:42,8,0,1
BRDA:42,9,0,6
BRDA:42,9,1,5
BRDA:42,9,2,5
BRF:20
BRH:20
end_of_record
TN:
SF:src/controllers/index.ts
FNF:0
FNH:0
DA:1,4
DA:2,4
DA:3,4
DA:4,4
LF:4
LH:4
BRF:0
BRH:0
end_of_record
TN:
SF:src/controllers/networksController.ts
FN:9,createNetwork
FN:19,getNetworks
FN:35,deleteNetwork
FNF:3
FNH:3
FNDA:3,createNetwork
FNDA:6,getNetworks
FNDA:6,deleteNetwork
DA:3,4
DA:5,4
DA:9,4
DA:10,3
DA:11,3
DA:12,3
DA:14,3
DA:16,1
DA:19,4
DA:20,6
DA:21,6
DA:22,6
DA:24,6
DA:25,3
DA:27,1
DA:30,3
DA:32,1
DA:35,4
DA:36,6
DA:37,6
DA:38,6
DA:40,6
DA:41,1
DA:44,5
DA:46,1
LF:25
LH:25
BRDA:11,0,0,1
BRDA:11,0,1,2
BRDA:11,1,0,3
BRDA:11,1,1,3
BRDA:21,2,0,1
BRDA:21,2,1,5
BRDA:21,3,0,6
BRDA:21,3,1,6
BRDA:24,4,0,3
BRDA:24,5,0,6
BRDA:24,5,1,3
BRDA:24,5,2,3
BRDA:37,6,0,1
BRDA:37,6,1,5
BRDA:37,7,0,6
BRDA:37,7,1,6
BRDA:40,8,0,1
BRDA:40,9,0,6
BRDA:40,9,1,5
BRDA:40,9,2,5
BRF:20
BRH:20
end_of_record
TN:
SF:src/controllers/userController.ts
FN:9,signUp
FNF:1
FNH:1
FNDA:2,signUp
DA:2,4
DA:5,4
DA:9,4
DA:10,2
DA:11,2
DA:13,2
DA:14,1
DA:17,1
DA:19,1
LF:9
LH:9
BRDA:13,0,0,1
BRF:1
BRH:1
end_of_record
TN:
SF:src/middlewares/authMiddlewares.ts
FN:5,validationSignIn
FN:10,(anonymous_10)
FNF:2
FNH:2
FNDA:5,validationSignIn
FNDA:3,(anonymous_10)
DA:2,4
DA:3,4
DA:5,4
DA:6,5
DA:7,5
DA:9,5
DA:10,3
DA:12,3
LF:8
LH:8
BRDA:9,0,0,2
BRF:1
BRH:1
end_of_record
TN:
SF:src/middlewares/credentialMiddewares.ts
FN:5,validationCredential
FN:10,(anonymous_10)
FNF:2
FNH:2
FNDA:6,validationCredential
FNDA:8,(anonymous_10)
DA:2,4
DA:3,4
DA:5,4
DA:6,6
DA:7,6
DA:9,6
DA:10,8
DA:12,4
LF:8
LH:8
BRDA:9,0,0,2
BRF:1
BRH:1
end_of_record
TN:
SF:src/middlewares/errorHandlerMiddlewares.ts
FN:8,errorHandlerMiddleware
FNF:1
FNH:1
FNDA:24,errorHandlerMiddleware
DA:2,4
DA:8,4
DA:9,24
DA:10,24
DA:12,0
LF:5
LH:4
BRDA:9,0,0,24
BRF:1
BRH:1
end_of_record
TN:
SF:src/middlewares/networkMiddlewares.ts
FN:5,validationNetwork
FN:10,(anonymous_10)
FNF:2
FNH:2
FNDA:5,validationNetwork
FNDA:6,(anonymous_10)
DA:2,4
DA:3,4
DA:5,4
DA:6,5
DA:7,5
DA:9,5
DA:10,6
DA:12,3
LF:8
LH:8
BRDA:9,0,0,2
BRF:1
BRH:1
end_of_record
TN:
SF:src/middlewares/userMiddlewares.ts
FN:5,validationSignUp
FN:10,(anonymous_10)
FNF:2
FNH:2
FNDA:4,validationSignUp
FNDA:3,(anonymous_10)
DA:2,4
DA:3,4
DA:5,4
DA:6,4
DA:7,4
DA:9,4
DA:10,3
DA:12,2
LF:8
LH:8
BRDA:9,0,0,2
BRF:1
BRH:1
end_of_record
TN:
SF:src/repositories/credentialRepository/index.ts
FN:4,findTitle
FN:13,create
FN:25,findCrendentialsByUserId
FN:33,findCredentialById
FN:41,deleteCredential
FNF:5
FNH:5
FNDA:2,findTitle
FNDA:1,create
FNDA:1,findCrendentialsByUserId
FNDA:6,findCredentialById
FNDA:1,deleteCredential
DA:1,4
DA:5,2
DA:14,1
DA:26,1
DA:34,6
DA:42,1
DA:49,4
DA:58,4
LF:8
LH:8
BRF:0
BRH:0
end_of_record
TN:
SF:src/repositories/networkRepository/index.ts
FN:5,createNetwork
FN:16,findNetworksByuserId
FN:24,findNetworksById
FN:32,deleteNetwork
FNF:4
FNH:4
FNDA:1,createNetwork
FNDA:1,findNetworksByuserId
FNDA:6,findNetworksById
FNDA:1,deleteNetwork
DA:1,4
DA:6,1
DA:17,1
DA:25,6
DA:33,1
DA:41,4
DA:48,4
LF:7
LH:7
BRF:0
BRH:0
end_of_record
TN:
SF:src/repositories/userRepository/index.ts
FN:5,findUserByEmail
FN:13,createUser
FNF:2
FNH:2
FNDA:5,findUserByEmail
FNDA:1,createUser
DA:1,4
DA:6,5
DA:14,1
DA:22,4
DA:27,4
LF:5
LH:5
BRF:0
BRH:0
end_of_record
TN:
SF:src/routers/authRouters.ts
FNF:0
FNH:0
DA:1,4
DA:2,4
DA:3,4
DA:5,4
DA:6,4
DA:10,4
LF:6
LH:6
BRF:0
BRH:0
end_of_record
TN:
SF:src/routers/credentialsRouters.ts
FNF:0
FNH:0
DA:1,4
DA:2,4
DA:3,4
DA:6,4
DA:7,4
DA:12,4
LF:6
LH:6
BRF:0
BRH:0
end_of_record
TN:
SF:src/routers/index.ts
FNF:0
FNH:0
DA:1,4
DA:3,4
DA:4,4
DA:5,4
DA:6,4
DA:8,4
DA:14,4
LF:7
LH:7
BRF:0
BRH:0
end_of_record
TN:
SF:src/routers/networksRouters.ts
FNF:0
FNH:0
DA:1,4
DA:2,4
DA:3,4
DA:5,4
DA:6,4
DA:11,4
LF:6
LH:6
BRF:0
BRH:0
end_of_record
TN:
SF:src/routers/userRouters.ts
FNF:0
FNH:0
DA:1,4
DA:3,4
DA:4,4
DA:7,4
DA:8,4
DA:11,4
LF:6
LH:6
BRF:0
BRH:0
end_of_record
TN:
SF:src/schemas/authSchemas.ts
FNF:0
FNH:0
DA:1,4
DA:3,4
LF:2
LH:2
BRF:0
BRH:0
end_of_record
TN:
SF:src/schemas/credentialSchemas.ts
FNF:0
FNH:0
DA:1,4
DA:3,4
LF:2
LH:2
BRF:0
BRH:0
end_of_record
TN:
SF:src/schemas/networkSchemas.ts
FNF:0
FNH:0
DA:1,4
DA:3,4
LF:2
LH:2
BRF:0
BRH:0
end_of_record
TN:
SF:src/schemas/userSchemas.ts
FNF:0
FNH:0
DA:1,4
DA:3,4
DA:8,4
LF:3
LH:3
BRF:0
BRH:0
end_of_record
TN:
SF:src/services/authServices/index.ts
FN:9,signIn
FNF:1
FNH:1
FNDA:3,signIn
DA:1,4
DA:2,4
DA:3,4
DA:6,4
DA:10,3
DA:11,3
DA:12,1
DA:15,2
DA:16,2
DA:17,1
DA:20,1
DA:21,1
DA:25,4
DA:29,4
LF:14
LH:14
BRDA:11,0,0,1
BRDA:16,1,0,1
BRF:2
BRH:2
end_of_record
TN:
SF:src/services/credentialServices/index.ts
FN:9,createCredential
FN:26,getCredentials
FN:31,(anonymous_12)
FN:39,getCredentialsById
FN:58,deleteCredential
FNF:5
FNH:4
FNDA:4,createCredential
FNDA:3,getCredentials
FNDA:0,(anonymous_12)
FNDA:3,getCredentialsById
FNDA:5,deleteCredential
DA:1,4
DA:2,4
DA:3,4
DA:5,4
DA:7,4
DA:10,4
DA:12,2
DA:13,2
DA:14,1
DA:17,1
DA:19,1
DA:21,1
DA:27,3
DA:29,1
DA:31,1
DA:35,1
DA:40,3
DA:42,3
DA:44,3
DA:45,1
DA:48,2
DA:49,1
DA:52,1
DA:54,1
DA:59,5
DA:61,3
DA:63,3
DA:64,1
DA:67,2
DA:68,1
DA:71,1
DA:73,1
DA:77,4
DA:84,4
LF:34
LH:34
BRDA:13,0,0,1
BRDA:44,1,0,1
BRDA:48,2,0,1
BRDA:63,3,0,1
BRDA:67,4,0,1
BRF:5
BRH:5
end_of_record
TN:
SF:src/services/networksServices/index.ts
FN:9,createNetwork
FN:19,getNetworks
FN:24,(anonymous_12)
FN:31,getNetworksById
FN:50,deleteNetwork
FNF:5
FNH:4
FNDA:3,createNetwork
FNDA:3,getNetworks
FNDA:0,(anonymous_12)
FNDA:3,getNetworksById
FNDA:5,deleteNetwork
DA:1,4
DA:2,4
DA:3,4
DA:5,4
DA:7,4
DA:10,3
DA:12,1
DA:14,1
DA:16,1
DA:20,3
DA:22,1
DA:24,1
DA:28,1
DA:32,3
DA:34,3
DA:36,3
DA:37,1
DA:40,2
DA:41,1
DA:44,1
DA:46,1
DA:51,5
DA:53,3
DA:55,3
DA:56,1
DA:59,2
DA:60,1
DA:63,1
DA:65,1
DA:69,4
DA:76,4
LF:31
LH:31
BRDA:36,0,0,1
BRDA:40,1,0,1
BRDA:55,2,0,1
BRDA:59,3,0,1
BRF:4
BRH:4
end_of_record
TN:
SF:src/services/userServices/index.ts
FN:6,findUser
FN:12,createUser
FNF:2
FNH:2
FNDA:2,findUser
FNDA:1,createUser
DA:1,4
DA:4,4
DA:7,2
DA:9,2
DA:13,1
DA:14,1
DA:16,1
DA:17,1
DA:20,4
DA:25,4
LF:10
LH:10
BRF:0
BRH:0
end_of_record
TN:
SF:src/utils/authUtils.ts
FN:8,verifyToken
FN:10,(anonymous_10)
FNF:2
FNH:2
FNDA:29,verifyToken
FNDA:29,(anonymous_10)
DA:1,4
DA:2,4
DA:8,4
DA:9,29
DA:10,29
DA:11,29
DA:12,12
DA:15,17
LF:8
LH:8
BRDA:11,0,0,12
BRF:1
BRH:1
end_of_record
TN:
SF:src/utils/errorUtils.ts
FN:7,isAppError
FN:11,errorTypeToStatusCode
FN:23,conflictError
FN:27,notFoundError
FN:31,unauthorizedError
FN:35,wrongSchemaError
FNF:6
FNH:2
FNDA:24,isAppError
FNDA:24,errorTypeToStatusCode
FNDA:0,conflictError
FNDA:0,notFoundError
FNDA:0,unauthorizedError
FNDA:0,wrongSchemaError
DA:7,4
DA:8,24
DA:11,4
DA:12,24
DA:13,24
DA:14,24
DA:15,24
DA:16,24
DA:17,22
DA:18,22
DA:19,4
DA:20,4
DA:23,4
DA:24,0
DA:27,4
DA:28,0
DA:31,4
DA:32,0
DA:35,4
DA:36,0
LF:20
LH:16
BRDA:12,0,0,0
BRDA:13,1,0,0
BRDA:14,2,0,0
BRDA:15,3,0,0
BRDA:16,4,0,2
BRDA:17,5,0,0
BRDA:18,6,0,18
BRDA:19,7,0,0
BRDA:24,8,0,0
BRDA:24,8,1,0
BRDA:24,9,0,0
BRDA:24,9,1,0
BRDA:28,10,0,0
BRDA:28,10,1,0
BRDA:28,11,0,0
BRDA:28,11,1,0
BRDA:32,12,0,0
BRDA:32,12,1,0
BRDA:32,13,0,0
BRDA:32,13,1,0
BRDA:36,14,0,0
BRDA:36,14,1,0
BRDA:36,15,0,0
BRDA:36,15,1,0
BRF:24
BRH:2
end_of_record
TN:
SF:tests/helphers.ts
FN:7,cleanDb
FN:13,generateValidToken
FNF:2
FNH:2
FNDA:4,cleanDb
FNDA:31,generateValidToken
DA:1,4
DA:4,4
DA:5,4
DA:7,4
DA:8,4
DA:9,4
DA:10,4
DA:13,4
DA:14,31
DA:15,31
DA:17,31
LF:11
LH:11
BRDA:14,0,0,31
BRDA:14,0,1,31
BRF:2
BRH:2
end_of_record
TN:
SF:tests/factories/authFactory.ts
FN:7,decodingToken
FNF:1
FNH:1
FNDA:17,decodingToken
DA:1,2
DA:7,2
DA:8,17
DA:10,17
LF:4
LH:4
BRF:0
BRH:0
end_of_record
TN:
SF:tests/factories/credentialFactory.ts
FN:9,createCredential
FNF:1
FNH:1
FNDA:9,createCredential
DA:1,1
DA:2,1
DA:3,1
DA:5,1
DA:6,1
DA:9,1
DA:10,9
DA:11,9
LF:8
LH:8
BRF:0
BRH:0
end_of_record
TN:
SF:tests/factories/networkFactory.ts
FN:8,createNetwork
FNF:1
FNH:1
FNDA:8,createNetwork
DA:1,1
DA:2,1
DA:3,1
DA:5,1
DA:6,1
DA:8,1
DA:9,8
DA:10,8
LF:8
LH:8
BRF:0
BRH:0
end_of_record
TN:
SF:tests/factories/userFactory.ts
FN:6,createUser
FNF:1
FNH:1
FNDA:34,createUser
DA:1,4
DA:2,4
DA:4,4
DA:6,4
DA:7,34
DA:8,34
DA:10,34
LF:7
LH:7
BRDA:6,0,0,32
BRDA:7,1,0,34
BRDA:7,1,1,32
BRDA:12,2,0,34
BRDA:12,2,1,32
BRF:5
BRH:5
end_of_record
