TN:
SF:src/app.ts
FN:20,init
FNF:1
FNH:1
FNDA:3,init
DA:1,3
DA:2,3
DA:3,3
DA:4,3
DA:6,3
DA:7,3
DA:8,3
DA:10,3
DA:13,3
DA:14,3
DA:20,3
DA:21,3
DA:22,3
DA:25,3
LF:14
LH:14
BRF:0
BRH:0
end_of_record
TN:
SF:src/config/db.ts
FN:5,connectDb
FN:9,disconnectDB
FNF:2
FNH:1
FNDA:3,connectDb
FNDA:0,disconnectDB
DA:1,3
DA:5,3
DA:6,3
DA:9,3
DA:10,0
LF:5
LH:4
BRDA:10,0,0,0
BRDA:10,0,1,0
BRDA:10,1,0,0
BRDA:10,1,1,0
BRF:4
BRH:0
end_of_record
TN:
SF:src/controllers/authController.ts
FN:7,signIn
FNF:1
FNH:0
FNDA:0,signIn
DA:2,3
DA:4,3
DA:7,3
DA:8,0
DA:9,0
DA:11,0
LF:6
LH:3
BRF:0
BRH:0
end_of_record
TN:
SF:src/controllers/credentialController.ts
FN:9,createCredential
FN:20,getCredential
FNF:2
FNH:0
FNDA:0,createCredential
FNDA:0,getCredential
DA:3,3
DA:5,3
DA:9,3
DA:10,0
DA:11,0
DA:12,0
DA:14,0
DA:16,0
DA:20,3
DA:21,0
DA:22,0
DA:23,0
DA:25,0
LF:13
LH:4
BRDA:11,0,0,0
BRDA:11,0,1,0
BRDA:11,1,0,0
BRDA:11,1,1,0
BRDA:22,2,0,0
BRDA:22,2,1,0
BRDA:22,3,0,0
BRDA:22,3,1,0
BRDA:25,4,0,0
BRF:9
BRH:0
end_of_record
TN:
SF:src/controllers/index.ts
FNF:0
FNH:0
DA:1,3
LF:1
LH:1
BRF:0
BRH:0
end_of_record
TN:
SF:src/controllers/userController.ts
FN:9,signUp
FNF:1
FNH:0
FNDA:0,signUp
DA:2,3
DA:5,3
DA:9,3
DA:10,0
DA:11,0
DA:13,0
DA:14,0
DA:17,0
DA:19,0
LF:9
LH:3
BRDA:13,0,0,0
BRF:1
BRH:0
end_of_record
TN:
SF:src/middlewares/authMiddlewares.ts
FN:5,validationSignIn
FN:10,(anonymous_10)
FNF:2
FNH:0
FNDA:0,validationSignIn
FNDA:0,(anonymous_10)
DA:2,3
DA:3,3
DA:5,3
DA:6,0
DA:7,0
DA:9,0
DA:10,0
DA:12,0
LF:8
LH:3
BRDA:9,0,0,0
BRF:1
BRH:0
end_of_record
TN:
SF:src/middlewares/credentialMiddewares.ts
FN:5,validationCredential
FN:10,(anonymous_10)
FNF:2
FNH:0
FNDA:0,validationCredential
FNDA:0,(anonymous_10)
DA:2,3
DA:3,3
DA:5,3
DA:6,0
DA:7,0
DA:9,0
DA:10,0
DA:12,0
LF:8
LH:3
BRDA:9,0,0,0
BRF:1
BRH:0
end_of_record
TN:
SF:src/middlewares/errorHandlerMiddlewares.ts
FN:8,errorHandlerMiddleware
FNF:1
FNH:0
FNDA:0,errorHandlerMiddleware
DA:2,3
DA:8,3
DA:9,0
DA:10,0
DA:11,0
DA:13,0
LF:6
LH:2
BRDA:10,0,0,0
BRF:1
BRH:0
end_of_record
TN:
SF:src/middlewares/userMiddleware.ts
FN:5,validationSignUp
FN:10,(anonymous_10)
FNF:2
FNH:0
FNDA:0,validationSignUp
FNDA:0,(anonymous_10)
DA:2,3
DA:3,3
DA:5,3
DA:6,0
DA:7,0
DA:9,0
DA:10,0
DA:12,0
LF:8
LH:3
BRDA:9,0,0,0
BRF:1
BRH:0
end_of_record
TN:
SF:src/repositories/credentialRepository/index.ts
FN:4,findTitle
FN:13,create
FNF:2
FNH:0
FNDA:0,findTitle
FNDA:0,create
DA:1,3
DA:5,0
DA:14,0
DA:15,0
DA:27,3
DA:33,3
LF:6
LH:3
BRF:0
BRH:0
end_of_record
TN:
SF:src/repositories/userRepository/index.ts
FN:5,findUserByEmail
FN:13,createUser
FNF:2
FNH:0
FNDA:0,findUserByEmail
FNDA:0,createUser
DA:1,3
DA:6,0
DA:14,0
DA:22,3
DA:27,3
LF:5
LH:3
BRF:0
BRH:0
end_of_record
TN:
SF:src/routers/authRouters.ts
FNF:0
FNH:0
DA:1,3
DA:2,3
DA:3,3
DA:5,3
DA:6,3
DA:10,3
LF:6
LH:6
BRF:0
BRH:0
end_of_record
TN:
SF:src/routers/credentialsRouters.ts
FNF:0
FNH:0
DA:1,3
DA:2,3
DA:3,3
DA:6,3
DA:7,3
DA:11,3
LF:6
LH:6
BRF:0
BRH:0
end_of_record
TN:
SF:src/routers/index.ts
FNF:0
FNH:0
DA:1,3
DA:3,3
DA:4,3
DA:5,3
DA:7,3
DA:12,3
LF:6
LH:6
BRF:0
BRH:0
end_of_record
TN:
SF:src/routers/userRouters.ts
FNF:0
FNH:0
DA:1,3
DA:3,3
DA:4,3
DA:7,3
DA:8,3
DA:11,3
LF:6
LH:6
BRF:0
BRH:0
end_of_record
TN:
SF:src/schemas/authSchemas.ts
FNF:0
FNH:0
DA:1,3
DA:3,3
LF:2
LH:2
BRF:0
BRH:0
end_of_record
TN:
SF:src/schemas/credentialSchema.ts
FNF:0
FNH:0
DA:1,3
DA:3,3
LF:2
LH:2
BRF:0
BRH:0
end_of_record
TN:
SF:src/schemas/userSchemas.ts
FNF:0
FNH:0
DA:1,3
DA:3,3
DA:8,3
LF:3
LH:3
BRF:0
BRH:0
end_of_record
TN:
SF:src/services/authServices/index.ts
FN:9,signIn
FNF:1
FNH:0
FNDA:0,signIn
DA:1,3
DA:2,3
DA:3,3
DA:6,3
DA:10,0
DA:11,0
DA:12,0
DA:15,0
DA:16,0
DA:17,0
DA:20,0
DA:21,0
DA:25,3
DA:29,3
LF:14
LH:6
BRDA:11,0,0,0
BRDA:16,1,0,0
BRF:2
BRH:0
end_of_record
TN:
SF:src/services/credentialServices/index.ts
FN:9,createCredential
FNF:1
FNH:0
FNDA:0,createCredential
DA:1,3
DA:2,3
DA:3,3
DA:5,3
DA:7,3
DA:10,0
DA:12,0
DA:13,0
DA:14,0
DA:17,0
DA:19,0
DA:21,0
DA:26,3
DA:30,3
LF:14
LH:7
BRDA:13,0,0,0
BRF:1
BRH:0
end_of_record
TN:
SF:src/services/userServices/index.ts
FN:6,findUser
FN:12,createUser
FNF:2
FNH:0
FNDA:0,findUser
FNDA:0,createUser
DA:1,3
DA:4,3
DA:7,0
DA:9,0
DA:13,0
DA:14,0
DA:16,0
DA:17,0
DA:20,3
DA:25,3
LF:10
LH:4
BRF:0
BRH:0
end_of_record
TN:
SF:src/utils/authUtils.ts
FN:8,verifyToken
FN:10,(anonymous_10)
FNF:2
FNH:0
FNDA:0,verifyToken
FNDA:0,(anonymous_10)
DA:1,3
DA:2,3
DA:8,3
DA:9,0
DA:10,0
DA:11,0
DA:12,0
DA:15,0
LF:8
LH:3
BRDA:11,0,0,0
BRF:1
BRH:0
end_of_record
TN:
SF:src/utils/errorUtils.ts
FN:7,isAppError
FN:11,errorTypeToStatusCode
FN:23,conflictError
FN:27,notFoundError
FN:31,unauthorizedError
FN:35,wrongSchemaError
FNF:6
FNH:0
FNDA:0,isAppError
FNDA:0,errorTypeToStatusCode
FNDA:0,conflictError
FNDA:0,notFoundError
FNDA:0,unauthorizedError
FNDA:0,wrongSchemaError
DA:7,3
DA:8,0
DA:11,3
DA:12,0
DA:13,0
DA:14,0
DA:15,0
DA:16,0
DA:17,0
DA:18,0
DA:19,0
DA:20,0
DA:23,3
DA:24,0
DA:27,3
DA:28,0
DA:31,3
DA:32,0
DA:35,3
DA:36,0
LF:20
LH:6
BRDA:12,0,0,0
BRDA:13,1,0,0
BRDA:14,2,0,0
BRDA:15,3,0,0
BRDA:16,4,0,0
BRDA:17,5,0,0
BRDA:18,6,0,0
BRDA:19,7,0,0
BRDA:24,8,0,0
BRDA:24,8,1,0
BRDA:24,9,0,0
BRDA:24,9,1,0
BRDA:28,10,0,0
BRDA:28,10,1,0
BRDA:28,11,0,0
BRDA:28,11,1,0
BRDA:32,12,0,0
BRDA:32,12,1,0
BRDA:32,13,0,0
BRDA:32,13,1,0
BRDA:36,14,0,0
BRDA:36,14,1,0
BRDA:36,15,0,0
BRDA:36,15,1,0
BRF:24
BRH:0
end_of_record
TN:
SF:tests/helphers.ts
FN:7,cleanDb
FN:11,generateValidToken
FNF:2
FNH:1
FNDA:14,cleanDb
FNDA:0,generateValidToken
DA:1,3
DA:4,3
DA:5,3
DA:7,3
DA:8,14
DA:11,3
DA:12,0
DA:13,0
DA:15,0
LF:9
LH:6
BRDA:12,0,0,0
BRDA:12,0,1,0
BRF:2
BRH:0
end_of_record
TN:
SF:tests/factories/authFactory.ts
FN:7,decodingToken
FNF:1
FNH:0
FNDA:0,decodingToken
DA:1,1
DA:7,1
DA:8,0
DA:10,0
LF:4
LH:2
BRF:0
BRH:0
end_of_record
TN:
SF:tests/factories/credentialFactory.ts
FN:6,createCredential
FNF:1
FNH:0
FNDA:0,createCredential
DA:1,1
DA:2,1
DA:3,1
DA:6,1
DA:7,0
DA:8,0
LF:6
LH:4
BRF:0
BRH:0
end_of_record
TN:
SF:tests/factories/userFactory.ts
FN:6,createUser
FNF:1
FNH:0
FNDA:0,createUser
DA:1,3
DA:2,3
DA:4,3
DA:6,3
DA:7,0
DA:8,0
DA:10,0
LF:7
LH:4
BRDA:6,0,0,0
BRDA:7,1,0,0
BRDA:7,1,1,0
BRDA:12,2,0,0
BRDA:12,2,1,0
BRF:5
BRH:0
end_of_record
